[2025-07-21 15:14:38,856][generate][INFO] - [94mUsing dataset: /scratch/x3108a06/corrdiff/datasets/dataset_2D.py::Dataset_2D[0m
[2025-07-21 15:14:39,311][generate][INFO] - [94mPatch-based training disabled[0m
[2025-07-21 15:14:39,311][generate][INFO] - [94mLoading residual network from "/scratch/x3108a06/checkpoints_diffusion/EDMPrecondSuperResolution.0.25024.mdlus"...[0m
[2025-07-21 15:14:59,700][generate][INFO] - [94mLoading network from "/scratch/x3108a06/checkpoints_regression/UNet.0.10000000.mdlus"...[0m
[2025-07-21 15:15:14,181][generate][INFO] - [94mGenerating images, saving results to corrdiff_output.nc...[0m
[2025-07-21 15:15:15,095][generate][INFO] - [94mstarting index: 0[0m
[2025-07-21 15:15:41,976][generate][INFO] - [94mstarting index: 1[0m
[2025-07-21 15:15:57,431][generate][INFO] - [94mstarting index: 2[0m
[2025-07-21 15:16:13,617][generate][INFO] - [94mTotal time to run 1 steps and 10 members = 16.16626953125 s[0m
[2025-07-21 15:16:13,618][generate][INFO] - [94mAverage time per batch element = 1.616626953125 s[0m
[2025-07-21 15:16:13,644][generate][INFO] - [94mGeneration Completed.[0m
[2025-07-21 17:05:57,688][generate][INFO] - [94mUsing dataset: /scratch/x3108a06/corrdiff/datasets/dataset_2D.py::Dataset_2D[0m
[2025-07-21 17:05:58,422][generate][INFO] - [94mPatch-based training disabled[0m
[2025-07-21 17:05:58,422][generate][INFO] - [94mLoading network from "/scratch/x3108a06/checkpoints_regression/UNet.0.10000000.mdlus"...[0m
[2025-07-21 17:06:18,065][generate][INFO] - [94mGenerating images, saving results to corrdiff_output.nc...[0m
[2025-07-21 17:06:19,361][generate][INFO] - [94mstarting index: 0[0m
[2025-07-21 17:06:29,340][generate][INFO] - [94mstarting index: 1[0m
[2025-07-21 17:06:29,409][generate][INFO] - [94mstarting index: 2[0m
[2025-07-21 17:06:29,473][generate][INFO] - [94mTotal time to run 1 steps and 1 members = 0.049624576568603515 s[0m
[2025-07-21 17:06:29,473][generate][INFO] - [94mAverage time per batch element = 0.049624576568603515 s[0m
[2025-07-21 17:06:29,488][generate][INFO] - [94mGeneration Completed.[0m
[2025-07-22 16:23:00,035][generate][INFO] - [94mUsing dataset: /scratch/x3108a06/corrdiff/datasets/dataset_2D.py::Dataset_2D[0m
[2025-07-22 16:23:00,673][generate][INFO] - [94mPatch-based training disabled[0m
[2025-07-22 16:23:00,673][generate][INFO] - [94mLoading network from "/scratch/x3108a06/checkpoints_regression/UNet.0.10000000.mdlus"...[0m
[2025-07-22 16:23:21,541][generate][INFO] - [94mGenerating images, saving results to corrdiff_output.nc...[0m
[2025-07-22 16:23:22,951][generate][INFO] - [94mstarting index: 0[0m
[2025-07-22 16:23:34,650][generate][INFO] - [94mstarting index: 1[0m
[2025-07-22 16:23:34,724][generate][INFO] - [94mstarting index: 2[0m
[2025-07-22 16:23:34,808][generate][INFO] - [94mstarting index: 3[0m
[2025-07-22 16:23:34,857][generate][INFO] - [94mTotal time to run 2 steps and 4 members = 0.12646514892578126 s[0m
[2025-07-22 16:23:34,858][generate][INFO] - [94mAverage time per batch element = 0.015808143615722657 s[0m
[2025-07-22 16:23:34,872][generate][INFO] - [94mGeneration Completed.[0m
[2025-07-22 16:26:05,793][generate][INFO] - [94mUsing dataset: /scratch/x3108a06/corrdiff/datasets/dataset_2D.py::Dataset_2D[0m
[2025-07-22 16:26:05,857][generate][INFO] - [94mPatch-based training disabled[0m
[2025-07-22 16:26:05,857][generate][INFO] - [94mLoading network from "/scratch/x3108a06/checkpoints_regression/UNet.0.10000000.mdlus"...[0m
[2025-07-22 16:26:22,950][generate][INFO] - [94mGenerating images, saving results to corrdiff_output.nc...[0m
[2025-07-22 16:26:23,229][generate][INFO] - [94mstarting index: 0[0m
[2025-07-22 16:26:23,531][generate][INFO] - [94mstarting index: 1[0m
[2025-07-22 16:26:23,606][generate][INFO] - [94mstarting index: 2[0m
[2025-07-22 16:26:23,672][generate][INFO] - [94mstarting index: 3[0m
[2025-07-22 16:26:23,721][generate][INFO] - [94mTotal time to run 2 steps and 4 members = 0.11500511932373046 s[0m
[2025-07-22 16:26:23,721][generate][INFO] - [94mAverage time per batch element = 0.014375639915466308 s[0m
[2025-07-22 16:26:23,727][generate][INFO] - [94mGeneration Completed.[0m
[2025-07-22 16:48:34,516][generate][INFO] - [94mUsing dataset: /scratch/x3108a06/corrdiff/datasets/dataset_2D.py::Dataset_2D[0m
[2025-07-22 16:48:34,630][generate][INFO] - [94mPatch-based training disabled[0m
[2025-07-22 16:48:34,631][generate][INFO] - [94mLoading network from "/scratch/x3108a06/checkpoints_regression/UNet.0.10000000.mdlus"...[0m
[2025-07-22 16:48:57,136][generate][INFO] - [94mGenerating images, saving results to corrdiff_output.nc...[0m
[2025-07-22 16:48:57,386][generate][INFO] - [94mstarting index: 0[0m
[2025-07-22 16:48:57,701][generate][INFO] - [94mstarting index: 1[0m
[2025-07-22 16:48:57,756][generate][INFO] - [94mstarting index: 2[0m
[2025-07-22 16:48:57,811][generate][INFO] - [94mstarting index: 3[0m
[2025-07-22 16:48:57,861][generate][INFO] - [94mTotal time to run 2 steps and 1 members = 0.10473139190673827 s[0m
[2025-07-22 16:48:57,861][generate][INFO] - [94mAverage time per batch element = 0.05236569595336914 s[0m
[2025-07-22 16:48:57,867][generate][INFO] - [94mGeneration Completed.[0m
[2025-07-22 16:55:38,674][generate][INFO] - [94mUsing dataset: /scratch/x3108a06/corrdiff/datasets/dataset_2D.py::Dataset_2D[0m
[2025-07-22 16:55:38,736][generate][INFO] - [94mPatch-based training disabled[0m
[2025-07-22 16:55:38,737][generate][INFO] - [94mLoading network from "/scratch/x3108a06/checkpoints_regression/UNet.0.10000000.mdlus"...[0m
[2025-07-22 16:55:58,606][generate][INFO] - [94mGenerating images, saving results to corrdiff_output.nc...[0m
[2025-07-22 16:58:37,717][generate][INFO] - [94mUsing dataset: /scratch/x3108a06/corrdiff/datasets/dataset_2D.py::Dataset_2D[0m
[2025-07-22 16:58:37,780][generate][INFO] - [94mPatch-based training disabled[0m
[2025-07-22 16:58:37,780][generate][INFO] - [94mLoading network from "/scratch/x3108a06/checkpoints_regression/UNet.0.10000000.mdlus"...[0m
[2025-07-22 16:58:56,552][generate][INFO] - [94mGenerating images, saving results to corrdiff_output.nc...[0m
[2025-07-22 17:00:38,299][generate][INFO] - [94mUsing dataset: /scratch/x3108a06/corrdiff/datasets/dataset_2D.py::Dataset_2D[0m
[2025-07-22 17:00:38,362][generate][INFO] - [94mPatch-based training disabled[0m
[2025-07-22 17:00:38,362][generate][INFO] - [94mLoading network from "/scratch/x3108a06/checkpoints_regression/UNet.0.10000000.mdlus"...[0m
[2025-07-22 17:00:58,632][generate][INFO] - [94mGenerating images, saving results to corrdiff_output.nc...[0m
[2025-07-22 17:02:09,532][generate][INFO] - [94mUsing dataset: /scratch/x3108a06/corrdiff/datasets/dataset_2D.py::Dataset_2D[0m
[2025-07-22 17:02:09,596][generate][INFO] - [94mPatch-based training disabled[0m
[2025-07-22 17:02:09,596][generate][INFO] - [94mLoading network from "/scratch/x3108a06/checkpoints_regression/UNet.0.10000000.mdlus"...[0m
[2025-07-22 17:02:31,825][generate][INFO] - [94mGenerating images, saving results to corrdiff_output.nc...[0m
[2025-07-22 17:02:32,044][generate][INFO] - [94mstarting index: 0[0m
[2025-07-22 17:02:32,341][generate][INFO] - [94mstarting index: 1[0m
[2025-07-22 17:02:32,395][generate][INFO] - [94mstarting index: 2[0m
[2025-07-22 17:02:32,450][generate][INFO] - [94mstarting index: 3[0m
[2025-07-22 17:02:32,501][generate][INFO] - [94mTotal time to run 2 steps and 1 members = 0.10540777587890625 s[0m
[2025-07-22 17:02:32,502][generate][INFO] - [94mAverage time per batch element = 0.052703887939453124 s[0m
[2025-07-22 17:02:32,505][generate][INFO] - [94mGeneration Completed.[0m
[2025-07-22 17:09:14,044][generate][INFO] - [94mUsing dataset: /scratch/x3108a06/corrdiff/datasets/dataset_2D.py::Dataset_2D[0m
[2025-07-22 17:09:14,123][generate][INFO] - [94mPatch-based training disabled[0m
[2025-07-22 17:09:14,123][generate][INFO] - [94mLoading network from "/scratch/x3108a06/checkpoints_regression/UNet.0.10000000.mdlus"...[0m
[2025-07-22 17:10:05,326][generate][INFO] - [94mGenerating images, saving results to corrdiff_output.nc...[0m
